Apr. 15, 2025 2:23:46 PM org.andy.ordermanager.Manager lambda$15
SCHWERWIEGEND: Fehler beim Verschieben von Dstn-Inhalt - C:\Users\andre\OneDrive\_work_\_Kunden_\auratronic\P-5233_RIERGE-Maschine_Portugal\06_NC-Vorbereitungen\quelle\tiny1\Dstn\tiny1.bwkl -> C:\Users\andre\OneDrive\_work_\_Kunden_\auratronic\P-5233_RIERGE-Maschine_Portugal\06_NC-Vorbereitungen\archiv\tiny1\Dstn\tiny1.bwkl
Apr. 15, 2025 2:23:46 PM org.andy.ordermanager.Manager lambda$15
SCHWERWIEGEND: Fehler beim Verschieben von Dstn-Inhalt - C:\Users\andre\OneDrive\_work_\_Kunden_\auratronic\P-5233_RIERGE-Maschine_Portugal\06_NC-Vorbereitungen\quelle\tiny2\Dstn\tiny2.bwkl -> C:\Users\andre\OneDrive\_work_\_Kunden_\auratronic\P-5233_RIERGE-Maschine_Portugal\06_NC-Vorbereitungen\archiv\tiny2\Dstn\tiny2.bwkl
Apr. 15, 2025 2:23:46 PM org.andy.ordermanager.Manager lambda$15
SCHWERWIEGEND: Fehler beim Verschieben von Dstn-Inhalt - C:\Users\andre\OneDrive\_work_\_Kunden_\auratronic\P-5233_RIERGE-Maschine_Portugal\06_NC-Vorbereitungen\quelle\tiny3\Dstn\tiny3.bwkl -> C:\Users\andre\OneDrive\_work_\_Kunden_\auratronic\P-5233_RIERGE-Maschine_Portugal\06_NC-Vorbereitungen\archiv\tiny3\Dstn\tiny3.bwkl
Apr. 15, 2025 2:23:46 PM org.andy.ordermanager.Manager lambda$15
SCHWERWIEGEND: Fehler beim Verschieben von Dstn-Inhalt - C:\Users\andre\OneDrive\_work_\_Kunden_\auratronic\P-5233_RIERGE-Maschine_Portugal\06_NC-Vorbereitungen\quelle\tiny4door\Dstn\tiny4door.bwkl -> C:\Users\andre\OneDrive\_work_\_Kunden_\auratronic\P-5233_RIERGE-Maschine_Portugal\06_NC-Vorbereitungen\archiv\tiny4door\Dstn\tiny4door.bwkl
Apr. 15, 2025 2:27:53 PM org.andy.ordermanager.Manager lambda$15
SCHWERWIEGEND: Fehler beim Verschieben von Dstn-Inhalt - C:\Users\andre\OneDrive\_work_\_Kunden_\auratronic\P-5233_RIERGE-Maschine_Portugal\06_NC-Vorbereitungen\quelle\tiny1\Dstn\tiny1.bwkl -> C:\Users\andre\OneDrive\_work_\_Kunden_\auratronic\P-5233_RIERGE-Maschine_Portugal\06_NC-Vorbereitungen\archiv\tiny1\Dstn\tiny1.bwkl
Apr. 15, 2025 2:27:53 PM org.andy.ordermanager.Manager lambda$15
SCHWERWIEGEND: Fehler beim Verschieben von Dstn-Inhalt - C:\Users\andre\OneDrive\_work_\_Kunden_\auratronic\P-5233_RIERGE-Maschine_Portugal\06_NC-Vorbereitungen\quelle\tiny2\Dstn\tiny2.bwkl -> C:\Users\andre\OneDrive\_work_\_Kunden_\auratronic\P-5233_RIERGE-Maschine_Portugal\06_NC-Vorbereitungen\archiv\tiny2\Dstn\tiny2.bwkl
Apr. 15, 2025 2:27:53 PM org.andy.ordermanager.Manager lambda$15
SCHWERWIEGEND: Fehler beim Verschieben von Dstn-Inhalt - C:\Users\andre\OneDrive\_work_\_Kunden_\auratronic\P-5233_RIERGE-Maschine_Portugal\06_NC-Vorbereitungen\quelle\tiny3\Dstn\tiny3.bwkl -> C:\Users\andre\OneDrive\_work_\_Kunden_\auratronic\P-5233_RIERGE-Maschine_Portugal\06_NC-Vorbereitungen\archiv\tiny3\Dstn\tiny3.bwkl
Apr. 15, 2025 2:27:53 PM org.andy.ordermanager.Manager lambda$15
SCHWERWIEGEND: Fehler beim Verschieben von Dstn-Inhalt - C:\Users\andre\OneDrive\_work_\_Kunden_\auratronic\P-5233_RIERGE-Maschine_Portugal\06_NC-Vorbereitungen\quelle\tiny4door\Dstn\tiny4door.bwkl -> C:\Users\andre\OneDrive\_work_\_Kunden_\auratronic\P-5233_RIERGE-Maschine_Portugal\06_NC-Vorbereitungen\archiv\tiny4door\Dstn\tiny4door.bwkl
Apr. 15, 2025 2:30:34 PM org.andy.ordermanager.Manager lambda$15
SCHWERWIEGEND: Fehler beim Verschieben von Dstn-Inhalt: C:\Users\andre\OneDrive\_work_\_Kunden_\auratronic\P-5233_RIERGE-Maschine_Portugal\06_NC-Vorbereitungen\quelle\tiny1\Dstn\tiny1.bwkl -> C:\Users\andre\OneDrive\_work_\_Kunden_\auratronic\P-5233_RIERGE-Maschine_Portugal\06_NC-Vorbereitungen\archiv\tiny1\Dstn\tiny1.bwkl
Apr. 15, 2025 2:30:34 PM org.andy.ordermanager.Manager lambda$15
SCHWERWIEGEND: Fehler beim Verschieben von Dstn-Inhalt: C:\Users\andre\OneDrive\_work_\_Kunden_\auratronic\P-5233_RIERGE-Maschine_Portugal\06_NC-Vorbereitungen\quelle\tiny2\Dstn\tiny2.bwkl -> C:\Users\andre\OneDrive\_work_\_Kunden_\auratronic\P-5233_RIERGE-Maschine_Portugal\06_NC-Vorbereitungen\archiv\tiny2\Dstn\tiny2.bwkl
Apr. 15, 2025 2:30:34 PM org.andy.ordermanager.Manager lambda$15
SCHWERWIEGEND: Fehler beim Verschieben von Dstn-Inhalt: C:\Users\andre\OneDrive\_work_\_Kunden_\auratronic\P-5233_RIERGE-Maschine_Portugal\06_NC-Vorbereitungen\quelle\tiny3\Dstn\tiny3.bwkl -> C:\Users\andre\OneDrive\_work_\_Kunden_\auratronic\P-5233_RIERGE-Maschine_Portugal\06_NC-Vorbereitungen\archiv\tiny3\Dstn\tiny3.bwkl
Apr. 15, 2025 2:30:34 PM org.andy.ordermanager.Manager lambda$15
SCHWERWIEGEND: Fehler beim Verschieben von Dstn-Inhalt: C:\Users\andre\OneDrive\_work_\_Kunden_\auratronic\P-5233_RIERGE-Maschine_Portugal\06_NC-Vorbereitungen\quelle\tiny4door\Dstn\tiny4door.bwkl -> C:\Users\andre\OneDrive\_work_\_Kunden_\auratronic\P-5233_RIERGE-Maschine_Portugal\06_NC-Vorbereitungen\archiv\tiny4door\Dstn\tiny4door.bwkl
Apr. 15, 2025 2:34:40 PM org.andy.ordermanager.Manager lambda$15
SCHWERWIEGEND: Fehler beim Verschieben von Dstn-Inhalt:
Von: C:\Users\andre\OneDrive\_work_\_Kunden_\auratronic\P-5233_RIERGE-Maschine_Portugal\06_NC-Vorbereitungen\quelle\tiny1\Dstn\tiny1.bwkl
Nach: xxx
C:\Users\andre\OneDrive\_work_\_Kunden_\auratronic\P-5233_RIERGE-Maschine_Portugal\06_NC-Vorbereitungen\archiv\tiny1\Dstn\tiny1.bwkl
Apr. 15, 2025 2:34:40 PM org.andy.ordermanager.Manager lambda$15
SCHWERWIEGEND: Fehler beim Verschieben von Dstn-Inhalt:
Von: C:\Users\andre\OneDrive\_work_\_Kunden_\auratronic\P-5233_RIERGE-Maschine_Portugal\06_NC-Vorbereitungen\quelle\tiny1\Dstn
Nach: xxx
C:\Users\andre\OneDrive\_work_\_Kunden_\auratronic\P-5233_RIERGE-Maschine_Portugal\06_NC-Vorbereitungen\archiv\tiny1\Dstn
Apr. 15, 2025 2:34:40 PM org.andy.ordermanager.Manager lambda$15
SCHWERWIEGEND: Fehler beim Verschieben von Dstn-Inhalt:
Von: C:\Users\andre\OneDrive\_work_\_Kunden_\auratronic\P-5233_RIERGE-Maschine_Portugal\06_NC-Vorbereitungen\quelle\tiny2\Dstn\tiny2.bwkl
Nach: xxx
C:\Users\andre\OneDrive\_work_\_Kunden_\auratronic\P-5233_RIERGE-Maschine_Portugal\06_NC-Vorbereitungen\archiv\tiny2\Dstn\tiny2.bwkl
Apr. 15, 2025 2:34:40 PM org.andy.ordermanager.Manager lambda$15
SCHWERWIEGEND: Fehler beim Verschieben von Dstn-Inhalt:
Von: C:\Users\andre\OneDrive\_work_\_Kunden_\auratronic\P-5233_RIERGE-Maschine_Portugal\06_NC-Vorbereitungen\quelle\tiny2\Dstn
Nach: xxx
C:\Users\andre\OneDrive\_work_\_Kunden_\auratronic\P-5233_RIERGE-Maschine_Portugal\06_NC-Vorbereitungen\archiv\tiny2\Dstn
Apr. 15, 2025 2:34:40 PM org.andy.ordermanager.Manager lambda$15
SCHWERWIEGEND: Fehler beim Verschieben von Dstn-Inhalt:
Von: C:\Users\andre\OneDrive\_work_\_Kunden_\auratronic\P-5233_RIERGE-Maschine_Portugal\06_NC-Vorbereitungen\quelle\tiny3\Dstn\tiny3.bwkl
Nach: xxx
C:\Users\andre\OneDrive\_work_\_Kunden_\auratronic\P-5233_RIERGE-Maschine_Portugal\06_NC-Vorbereitungen\archiv\tiny3\Dstn\tiny3.bwkl
Apr. 15, 2025 2:34:40 PM org.andy.ordermanager.Manager lambda$15
SCHWERWIEGEND: Fehler beim Verschieben von Dstn-Inhalt:
Von: C:\Users\andre\OneDrive\_work_\_Kunden_\auratronic\P-5233_RIERGE-Maschine_Portugal\06_NC-Vorbereitungen\quelle\tiny3\Dstn
Nach: xxx
C:\Users\andre\OneDrive\_work_\_Kunden_\auratronic\P-5233_RIERGE-Maschine_Portugal\06_NC-Vorbereitungen\archiv\tiny3\Dstn
Apr. 15, 2025 2:34:40 PM org.andy.ordermanager.Manager lambda$15
SCHWERWIEGEND: Fehler beim Verschieben von Dstn-Inhalt:
Von: C:\Users\andre\OneDrive\_work_\_Kunden_\auratronic\P-5233_RIERGE-Maschine_Portugal\06_NC-Vorbereitungen\quelle\tiny4door\Dstn\tiny4door.bwkl
Nach: xxx
C:\Users\andre\OneDrive\_work_\_Kunden_\auratronic\P-5233_RIERGE-Maschine_Portugal\06_NC-Vorbereitungen\archiv\tiny4door\Dstn\tiny4door.bwkl
Apr. 15, 2025 2:34:40 PM org.andy.ordermanager.Manager lambda$15
SCHWERWIEGEND: Fehler beim Verschieben von Dstn-Inhalt:
Von: C:\Users\andre\OneDrive\_work_\_Kunden_\auratronic\P-5233_RIERGE-Maschine_Portugal\06_NC-Vorbereitungen\quelle\tiny4door\Dstn
Nach: xxx
C:\Users\andre\OneDrive\_work_\_Kunden_\auratronic\P-5233_RIERGE-Maschine_Portugal\06_NC-Vorbereitungen\archiv\tiny4door\Dstn
Apr. 15, 2025 2:45:08 PM org.andy.ordermanager.Manager lambda$15
SCHWERWIEGEND: Fehler beim Verschieben von Dstn-Inhalt:
Von: C:\Users\andre\Downloads\quelle\tiny1\Dstn\tiny1.bwkl
Nach: xxx
C:\Users\andre\Downloads\archiv\tiny1\Dstn\tiny1.bwkl
Apr. 15, 2025 2:45:08 PM org.andy.ordermanager.Manager lambda$15
SCHWERWIEGEND: Fehler beim Verschieben von Dstn-Inhalt:
Von: C:\Users\andre\Downloads\quelle\tiny1\Dstn
Nach: xxx
C:\Users\andre\Downloads\archiv\tiny1\Dstn
Apr. 15, 2025 2:45:08 PM org.andy.ordermanager.Manager lambda$15
SCHWERWIEGEND: Fehler beim Verschieben von Dstn-Inhalt:
Von: C:\Users\andre\Downloads\quelle\tiny2\Dstn\tiny2.bwkl
Nach: xxx
C:\Users\andre\Downloads\archiv\tiny2\Dstn\tiny2.bwkl
Apr. 15, 2025 2:45:08 PM org.andy.ordermanager.Manager lambda$15
SCHWERWIEGEND: Fehler beim Verschieben von Dstn-Inhalt:
Von: C:\Users\andre\Downloads\quelle\tiny2\Dstn
Nach: xxx
C:\Users\andre\Downloads\archiv\tiny2\Dstn
Apr. 15, 2025 2:45:08 PM org.andy.ordermanager.Manager lambda$15
SCHWERWIEGEND: Fehler beim Verschieben von Dstn-Inhalt:
Von: C:\Users\andre\Downloads\quelle\tiny3\Dstn\tiny3.bwkl
Nach: xxx
C:\Users\andre\Downloads\archiv\tiny3\Dstn\tiny3.bwkl
Apr. 15, 2025 2:45:08 PM org.andy.ordermanager.Manager lambda$15
SCHWERWIEGEND: Fehler beim Verschieben von Dstn-Inhalt:
Von: C:\Users\andre\Downloads\quelle\tiny3\Dstn
Nach: xxx
C:\Users\andre\Downloads\archiv\tiny3\Dstn
Apr. 15, 2025 2:45:08 PM org.andy.ordermanager.Manager lambda$15
SCHWERWIEGEND: Fehler beim Verschieben von Dstn-Inhalt:
Von: C:\Users\andre\Downloads\quelle\tiny4door\Dstn\tiny4door.bwkl
Nach: xxx
C:\Users\andre\Downloads\archiv\tiny4door\Dstn\tiny4door.bwkl
Apr. 15, 2025 2:45:08 PM org.andy.ordermanager.Manager lambda$15
SCHWERWIEGEND: Fehler beim Verschieben von Dstn-Inhalt:
Von: C:\Users\andre\Downloads\quelle\tiny4door\Dstn
Nach: xxx
C:\Users\andre\Downloads\archiv\tiny4door\Dstn
Apr. 15, 2025 2:48:25 PM org.andy.ordermanager.Manager lambda$14
INFORMATION: Dstn-Ordner verschoben:
Von: C:\Users\andre\Downloads\quelle\tiny1\Dstn
Nach: C:\Users\andre\Downloads\archiv\tiny1\Dstn
Apr. 15, 2025 2:48:25 PM org.andy.ordermanager.Manager lambda$14
INFORMATION: Dstn-Ordner verschoben:
Von: C:\Users\andre\Downloads\quelle\tiny2\Dstn
Nach: C:\Users\andre\Downloads\archiv\tiny2\Dstn
Apr. 15, 2025 2:48:25 PM org.andy.ordermanager.Manager lambda$14
INFORMATION: Dstn-Ordner verschoben:
Von: C:\Users\andre\Downloads\quelle\tiny3\Dstn
Nach: C:\Users\andre\Downloads\archiv\tiny3\Dstn
Apr. 15, 2025 2:48:25 PM org.andy.ordermanager.Manager lambda$14
INFORMATION: Dstn-Ordner verschoben:
Von: C:\Users\andre\Downloads\quelle\tiny4door\Dstn
Nach: C:\Users\andre\Downloads\archiv\tiny4door\Dstn
